# JRE version: OpenJDK Runtime Environment (8.0_202-b03) (build 1.8.0_202-release-1483-b03)
# Java VM: OpenJDK 64-Bit Server VM (25.202-b03 mixed mode windows-amd64 compressed oops)
Heap:
 PSYoungGen      total 81920K, used 58893K [0x00000000e0000000, 0x00000000e7400000, 0x0000000100000000)
  eden space 71168K, 67% used [0x00000000e0000000,0x00000000e2f04788,0x00000000e4580000)
  from space 10752K, 99% used [0x00000000e4580000,0x00000000e4ffeca0,0x00000000e5000000)
  to   space 12288K, 0% used [0x00000000e6800000,0x00000000e6800000,0x00000000e7400000)
 ParOldGen       total 102912K, used 17058K [0x00000000a0000000, 0x00000000a6480000, 0x00000000e0000000)
  object space 102912K, 16% used [0x00000000a0000000,0x00000000a10a8bc8,0x00000000a6480000)
 Metaspace       used 51088K, capacity 52268K, committed 52312K, reserved 1093632K
  class space    used 6918K, capacity 7289K, committed 7296K, reserved 1048576K
GC Heap History (10 events):
Event: 30.814 GC heap before
{Heap before GC invocations=11 (full 1):
 PSYoungGen      total 55296K, used 52547K [0x00000000e0000000, 0x00000000e4b80000, 0x0000000100000000)
  eden space 45568K, 100% used [0x00000000e0000000,0x00000000e2c80000,0x00000000e2c80000)
  from space 9728K, 71% used [0x00000000e2c80000,0x00000000e3350ed0,0x00000000e3600000)
  to   space 9728K, 0% used [0x00000000e4200000,0x00000000e4200000,0x00000000e4b80000)
 ParOldGen       total 65024K, used 7723K [0x00000000a0000000, 0x00000000a3f80000, 0x00000000e0000000)
  object space 65024K, 11% used [0x00000000a0000000,0x00000000a078af60,0x00000000a3f80000)
 Metaspace       used 33628K, capacity 34192K, committed 34560K, reserved 1079296K
  class space    used 4625K, capacity 4815K, committed 4864K, reserved 1048576K
Event: 30.839 GC heap after
Heap after GC invocations=11 (full 1):
 PSYoungGen      total 67072K, used 8213K [0x00000000e0000000, 0x00000000e4c00000, 0x0000000100000000)
  eden space 57344K, 0% used [0x00000000e0000000,0x00000000e0000000,0x00000000e3800000)
  from space 9728K, 84% used [0x00000000e4200000,0x00000000e4a056d8,0x00000000e4b80000)
  to   space 10240K, 0% used [0x00000000e3800000,0x00000000e3800000,0x00000000e4200000)
 ParOldGen       total 65024K, used 7731K [0x00000000a0000000, 0x00000000a3f80000, 0x00000000e0000000)
  object space 65024K, 11% used [0x00000000a0000000,0x00000000a078cf60,0x00000000a3f80000)
 Metaspace       used 33628K, capacity 34192K, committed 34560K, reserved 1079296K
  class space    used 4625K, capacity 4815K, committed 4864K, reserved 1048576K
}
Event: 37.549 GC heap before
{Heap before GC invocations=12 (full 1):
 PSYoungGen      total 67072K, used 32444K [0x00000000e0000000, 0x00000000e4c00000, 0x0000000100000000)
  eden space 57344K, 42% used [0x00000000e0000000,0x00000000e17a9ac8,0x00000000e3800000)
  from space 9728K, 84% used [0x00000000e4200000,0x00000000e4a056d8,0x00000000e4b80000)
  to   space 10240K, 0% used [0x00000000e3800000,0x00000000e3800000,0x00000000e4200000)
 ParOldGen       total 65024K, used 7731K [0x00000000a0000000, 0x00000000a3f80000, 0x00000000e0000000)
  object space 65024K, 11% used [0x00000000a0000000,0x00000000a078cf60,0x00000000a3f80000)
 Metaspace       used 34558K, capacity 35184K, committed 35416K, reserved 1079296K
  class space    used 4748K, capacity 4933K, committed 4992K, reserved 1048576K
Event: 37.567 GC heap after
Heap after GC invocations=12 (full 1):
 PSYoungGen      total 67584K, used 9186K [0x00000000e0000000, 0x00000000e5a80000, 0x0000000100000000)
  eden space 57344K, 0% used [0x00000000e0000000,0x00000000e0000000,0x00000000e3800000)
  from space 10240K, 89% used [0x00000000e3800000,0x00000000e40f8a90,0x00000000e4200000)
  to   space 10752K, 0% used [0x00000000e5000000,0x00000000e5000000,0x00000000e5a80000)
 ParOldGen       total 65024K, used 7739K [0x00000000a0000000, 0x00000000a3f80000, 0x00000000e0000000)
  object space 65024K, 11% used [0x00000000a0000000,0x00000000a078ef60,0x00000000a3f80000)
 Metaspace       used 34558K, capacity 35184K, committed 35416K, reserved 1079296K
  class space    used 4748K, capacity 4933K, committed 4992K, reserved 1048576K
}
Event: 37.567 GC heap before
{Heap before GC invocations=13 (full 2):
 PSYoungGen      total 67584K, used 9186K [0x00000000e0000000, 0x00000000e5a80000, 0x0000000100000000)
  eden space 57344K, 0% used [0x00000000e0000000,0x00000000e0000000,0x00000000e3800000)
  from space 10240K, 89% used [0x00000000e3800000,0x00000000e40f8a90,0x00000000e4200000)
  to   space 10752K, 0% used [0x00000000e5000000,0x00000000e5000000,0x00000000e5a80000)
 ParOldGen       total 65024K, used 7739K [0x00000000a0000000, 0x00000000a3f80000, 0x00000000e0000000)
  object space 65024K, 11% used [0x00000000a0000000,0x00000000a078ef60,0x00000000a3f80000)
 Metaspace       used 34558K, capacity 35184K, committed 35416K, reserved 1079296K
  class space    used 4748K, capacity 4933K, committed 4992K, reserved 1048576K
Event: 37.723 GC heap after
Heap after GC invocations=13 (full 2):
 PSYoungGen      total 67584K, used 0K [0x00000000e0000000, 0x00000000e5a80000, 0x0000000100000000)
  eden space 57344K, 0% used [0x00000000e0000000,0x00000000e0000000,0x00000000e3800000)
  from space 10240K, 0% used [0x00000000e3800000,0x00000000e3800000,0x00000000e4200000)
  to   space 10752K, 0% used [0x00000000e5000000,0x00000000e5000000,0x00000000e5a80000)
 ParOldGen       total 102912K, used 15964K [0x00000000a0000000, 0x00000000a6480000, 0x00000000e0000000)
  object space 102912K, 15% used [0x00000000a0000000,0x00000000a0f970a8,0x00000000a6480000)
 Metaspace       used 34558K, capacity 35184K, committed 35416K, reserved 1079296K
  class space    used 4748K, capacity 4933K, committed 4992K, reserved 1048576K
}
Event: 39.535 GC heap before
{Heap before GC invocations=14 (full 2):
 PSYoungGen      total 67584K, used 57344K [0x00000000e0000000, 0x00000000e5a80000, 0x0000000100000000)
  eden space 57344K, 100% used [0x00000000e0000000,0x00000000e3800000,0x00000000e3800000)
  from space 10240K, 0% used [0x00000000e3800000,0x00000000e3800000,0x00000000e4200000)
  to   space 10752K, 0% used [0x00000000e5000000,0x00000000e5000000,0x00000000e5a80000)
 ParOldGen       total 102912K, used 15964K [0x00000000a0000000, 0x00000000a6480000, 0x00000000e0000000)
  object space 102912K, 15% used [0x00000000a0000000,0x00000000a0f970a8,0x00000000a6480000)
 Metaspace       used 42446K, capacity 43364K, committed 43608K, reserved 1087488K
  class space    used 5742K, capacity 5982K, committed 6016K, reserved 1048576K
Event: 39.549 GC heap after
Heap after GC invocations=14 (full 2):
 PSYoungGen      total 81920K, used 8103K [0x00000000e0000000, 0x00000000e5b80000, 0x0000000100000000)
  eden space 71168K, 0% used [0x00000000e0000000,0x00000000e0000000,0x00000000e4580000)
  from space 10752K, 75% used [0x00000000e5000000,0x00000000e57e9d70,0x00000000e5a80000)
  to   space 10752K, 0% used [0x00000000e4580000,0x00000000e4580000,0x00000000e5000000)
 ParOldGen       total 102912K, used 15972K [0x00000000a0000000, 0x00000000a6480000, 0x00000000e0000000)
  object space 102912K, 15% used [0x00000000a0000000,0x00000000a0f990a8,0x00000000a6480000)
 Metaspace       used 42446K, capacity 43364K, committed 43608K, reserved 1087488K
  class space    used 5742K, capacity 5982K, committed 6016K, reserved 1048576K
}
Event: 41.115 GC heap before
{Heap before GC invocations=15 (full 2):
 PSYoungGen      total 81920K, used 79271K [0x00000000e0000000, 0x00000000e5b80000, 0x0000000100000000)
  eden space 71168K, 100% used [0x00000000e0000000,0x00000000e4580000,0x00000000e4580000)
  from space 10752K, 75% used [0x00000000e5000000,0x00000000e57e9d70,0x00000000e5a80000)
  to   space 10752K, 0% used [0x00000000e4580000,0x00000000e4580000,0x00000000e5000000)
 ParOldGen       total 102912K, used 15972K [0x00000000a0000000, 0x00000000a6480000, 0x00000000e0000000)
  object space 102912K, 15% used [0x00000000a0000000,0x00000000a0f990a8,0x00000000a6480000)
 Metaspace       used 47471K, capacity 48632K, committed 48984K, reserved 1091584K
  class space    used 6391K, capacity 6709K, committed 6784K, reserved 1048576K
Event: 41.150 GC heap after
Heap after GC invocations=15 (full 2):
 PSYoungGen      total 81920K, used 10747K [0x00000000e0000000, 0x00000000e7400000, 0x0000000100000000)
  eden space 71168K, 0% used [0x00000000e0000000,0x00000000e0000000,0x00000000e4580000)
  from space 10752K, 99% used [0x00000000e4580000,0x00000000e4ffeca0,0x00000000e5000000)
  to   space 12288K, 0% used [0x00000000e6800000,0x00000000e6800000,0x00000000e7400000)
 ParOldGen       total 102912K, used 17058K [0x00000000a0000000, 0x00000000a6480000, 0x00000000e0000000)
  object space 102912K, 16% used [0x00000000a0000000,0x00000000a10a8bc8,0x00000000a6480000)
 Metaspace       used 47471K, capacity 48632K, committed 48984K, reserved 1091584K
  class space    used 6391K, capacity 6709K, committed 6784K, reserved 1048576K
}

